Using pre-set license
Built from '2020.3/release' branch; Version is '2020.3.12f1 (b3b2c6512326) revision 11776710'; Using compiler version '192528614'; Build Type 'Release'
OS: 'Windows 10 Pro; OS build 19045.5011; Version 2009; 64bit' Language: 'zh' Physical Memory: 16295 MB
BatchMode: 1, IsHumanControllingUs: 0, StartBugReporterOnCrash: 0, Is64bit: 1, IsPro: 0

 COMMAND LINE ARGUMENTS:
D:\2020.3.12f1\Editor\Unity.exe
-adb2
-batchMode
-noUpm
-name
AssetImportWorker0
-projectPath
D:/Unity works/Hotaru/2D
-logFile
Logs/AssetImportWorker0.log
-srvPort
58369
Successfully changed project path to: D:/Unity works/Hotaru/2D
D:/Unity works/Hotaru/2D
Using Asset Import Pipeline V2.
Refreshing native plugins compatible for Editor in 48.47 ms, found 3 plugins.
Preloading 0 native plugins for Editor in 0.00 ms.
Initialize engine version: 2020.3.12f1 (b3b2c6512326)
[Subsystems] Discovering subsystems at path D:/2020.3.12f1/Editor/Data/Resources/UnitySubsystems
[Subsystems] Discovering subsystems at path D:/Unity works/Hotaru/2D/Assets
GfxDevice: creating device client; threaded=0
Direct3D:
    Version:  Direct3D 11.0 [level 11.1]
    Renderer: NVIDIA GeForce RTX 3070 (ID=0x2484)
    Vendor:   
    VRAM:     8018 MB
    Driver:   32.0.15.6094
Initialize mono
Mono path[0] = 'D:/2020.3.12f1/Editor/Data/Managed'
Mono path[1] = 'D:/2020.3.12f1/Editor/Data/MonoBleedingEdge/lib/mono/unityjit'
Mono config path = 'D:/2020.3.12f1/Editor/Data/MonoBleedingEdge/etc'
Using monoOptions --debugger-agent=transport=dt_socket,embedding=1,server=y,suspend=n,address=127.0.0.1:56808
Begin MonoManager ReloadAssembly
Registering precompiled unity dll's ...
Register platform support module: D:/2020.3.12f1/Editor/Data/PlaybackEngines/WebGLSupport/UnityEditor.WebGL.Extensions.dll
Register platform support module: D:/2020.3.12f1/Editor/Data/PlaybackEngines/WindowsStandaloneSupport/UnityEditor.WindowsStandalone.Extensions.dll
Registered in 0.001063 seconds.
Native extension for WindowsStandalone target not found
Native extension for WebGL target not found
Refreshing native plugins compatible for Editor in 45.90 ms, found 3 plugins.
Preloading 0 native plugins for Editor in 0.00 ms.
Mono: successfully reloaded assembly
- Completed reload, in  0.812 seconds
Platform modules already initialized, skipping
Registering precompiled user dll's ...
Registered in 0.002606 seconds.
Begin MonoManager ReloadAssembly
Native extension for WindowsStandalone target not found
Native extension for WebGL target not found
Refreshing native plugins compatible for Editor in 43.17 ms, found 3 plugins.
Preloading 0 native plugins for Editor in 0.00 ms.
Mono: successfully reloaded assembly
- Completed reload, in  0.914 seconds
Platform modules already initialized, skipping
========================================================================
Worker process is ready to serve import requests
Launched and connected shader compiler UnityShaderCompiler.exe after 0.03 seconds
Refreshing native plugins compatible for Editor in 0.53 ms, found 3 plugins.
Preloading 0 native plugins for Editor in 0.00 ms.
Unloading 2112 Unused Serialized files (Serialized files now loaded: 0)
System memory in use before: 94.1 MB.
System memory in use after: 94.2 MB.

Unloading 28 unused Assets to reduce memory usage. Loaded Objects now: 2555.
Total: 1.975400 ms (FindLiveObjects: 0.208300 ms CreateObjectMapping: 0.071700 ms MarkObjects: 1.611500 ms  DeleteObjects: 0.083000 ms)

AssetImportParameters requested are different than current active one (requested -> active):
  custom:framework-win-MediaFoundation: 216162199b28c13a410421893ffa2e32 -> 
  custom:video-decoder-ogg-theora: a1e56fd34408186e4bbccfd4996cb3dc -> 
  custom:container-muxer-webm: aa71ff27fc2769a1b78a27578f13a17b -> 
  custom:container-demuxer-webm: 4f35f7cbe854078d1ac9338744f61a02 -> 
  custom:container-demuxer-ogg: 62fdf1f143b41e24485cea50d1cbac27 -> 
  custom:video-encoder-webm-vp8: eb34c28f22e8b96e1ab97ce403110664 -> 
  custom:video-decoder-webm-vp8: 9c59270c3fd7afecdb556c50c9e8de78 -> 
  custom:audio-decoder-ogg-vorbis: bf7c407c2cedff20999df2af8eb42d56 -> 
  custom:audio-encoder-webm-vorbis: bf7c407c2cedff20999df2af8eb42d56 -> 
========================================================================
Received Import Request.
  path: Assets/程式碼/thounder.cs
  artifactKey: Guid(e60a5f9614782014dbf658910cd760f7) Importer(815301076,1909f56bfc062723c751e8b465ee728b)
Start importing Assets/程式碼/thounder.cs using Guid(e60a5f9614782014dbf658910cd760f7) Importer(815301076,1909f56bfc062723c751e8b465ee728b)  -> (artifact id: 'bfe2dad28ce6e27d8c5959632f47da80') in 0.026035 seconds 
  Import took 0.029066 seconds .

========================================================================
Received Import Request.
  Time since last request: 5.070290 seconds.
  path: Assets/預置物/特效/閃電.prefab
  artifactKey: Guid(129d0f3ac19016a459a3ba7462f31fac) Importer(815301076,1909f56bfc062723c751e8b465ee728b)
Start importing Assets/預置物/特效/閃電.prefab using Guid(129d0f3ac19016a459a3ba7462f31fac) Importer(815301076,1909f56bfc062723c751e8b465ee728b)  -> (artifact id: '1ddcbd91883a7c76904e2e16ca8fc655') in 0.142738 seconds 
  Import took 0.146247 seconds .

========================================================================
Received Import Request.
  Time since last request: 13.685555 seconds.
  path: Assets/預置物/特效/閃電.prefab
  artifactKey: Guid(129d0f3ac19016a459a3ba7462f31fac) Importer(815301076,1909f56bfc062723c751e8b465ee728b)
Start importing Assets/預置物/特效/閃電.prefab using Guid(129d0f3ac19016a459a3ba7462f31fac) Importer(815301076,1909f56bfc062723c751e8b465ee728b)  -> (artifact id: 'd72e3d534398e1e903d265652acd2e4c') in 0.007954 seconds 
  Import took 0.011047 seconds .

========================================================================
Received Import Request.
  Time since last request: 7.713682 seconds.
  path: Assets/預置物/特效/閃電.prefab
  artifactKey: Guid(129d0f3ac19016a459a3ba7462f31fac) Importer(815301076,1909f56bfc062723c751e8b465ee728b)
Start importing Assets/預置物/特效/閃電.prefab using Guid(129d0f3ac19016a459a3ba7462f31fac) Importer(815301076,1909f56bfc062723c751e8b465ee728b)  -> (artifact id: '6f0a38bd7a664a4cf782d75ddaaed399') in 0.009002 seconds 
  Import took 0.012327 seconds .

========================================================================
Received Import Request.
  Time since last request: 1.417853 seconds.
  path: Assets/預置物/特效/閃電.prefab
  artifactKey: Guid(129d0f3ac19016a459a3ba7462f31fac) Importer(815301076,1909f56bfc062723c751e8b465ee728b)
Start importing Assets/預置物/特效/閃電.prefab using Guid(129d0f3ac19016a459a3ba7462f31fac) Importer(815301076,1909f56bfc062723c751e8b465ee728b)  -> (artifact id: 'bebcd72a115a0a5b110a35ed53292e24') in 0.007145 seconds 
  Import took 0.010358 seconds .

========================================================================
Received Import Request.
  Time since last request: 3.941340 seconds.
  path: Assets/音效/夢魘叫.mp3
  artifactKey: Guid(a910f09aa6982eb4797066ab6e33991c) Importer(815301076,1909f56bfc062723c751e8b465ee728b)
Start importing Assets/音效/夢魘叫.mp3 using Guid(a910f09aa6982eb4797066ab6e33991c) Importer(815301076,1909f56bfc062723c751e8b465ee728b)  -> (artifact id: '1e3f26c7e0e622d67b673af8df891e4c') in 0.083900 seconds 
  Import took 0.086768 seconds .

========================================================================
Received Import Request.
  Time since last request: 0.000284 seconds.
  path: Assets/音效/第一關音樂.mp3
  artifactKey: Guid(39df160aa5131364fa563456f8637c8b) Importer(815301076,1909f56bfc062723c751e8b465ee728b)
Start importing Assets/音效/第一關音樂.mp3 using Guid(39df160aa5131364fa563456f8637c8b) Importer(815301076,1909f56bfc062723c751e8b465ee728b)  -> (artifact id: '320b9e92ad299d9ebf576f5312b45562') in 0.036833 seconds 
  Import took 0.039594 seconds .

========================================================================
Received Import Request.
  Time since last request: 0.000309 seconds.
  path: Assets/音效/魔王登場音效.wav
  artifactKey: Guid(f69b5451c00e667478ed98d8ede18adb) Importer(815301076,1909f56bfc062723c751e8b465ee728b)
Start importing Assets/音效/魔王登場音效.wav using Guid(f69b5451c00e667478ed98d8ede18adb) Importer(815301076,1909f56bfc062723c751e8b465ee728b)  -> (artifact id: 'd93b47b6e54669a00c28a4ca00270aaa') in 0.038592 seconds 
  Import took 0.041527 seconds .

========================================================================
Received Import Request.
  Time since last request: 0.000274 seconds.
  path: Assets/音效/爆炸1.wav
  artifactKey: Guid(9786bafea7366b0478acd0b664ee74eb) Importer(815301076,1909f56bfc062723c751e8b465ee728b)
Start importing Assets/音效/爆炸1.wav using Guid(9786bafea7366b0478acd0b664ee74eb) Importer(815301076,1909f56bfc062723c751e8b465ee728b)  -> (artifact id: 'ec371e8d20fd0a4f9330a7052ec6bcdf') in 0.028678 seconds 
  Import took 0.031671 seconds .

========================================================================
Received Import Request.
  Time since last request: 0.000203 seconds.
  path: Assets/音效/敲打聲.wav
  artifactKey: Guid(75352772e8223ac4296acfbce1075ff7) Importer(815301076,1909f56bfc062723c751e8b465ee728b)
Start importing Assets/音效/敲打聲.wav using Guid(75352772e8223ac4296acfbce1075ff7) Importer(815301076,1909f56bfc062723c751e8b465ee728b)  -> (artifact id: '67ccc3cbb2006e91836580cde0fda6d4') in 0.045023 seconds 
  Import took 0.047901 seconds .

========================================================================
Received Import Request.
  Time since last request: 0.000267 seconds.
  path: Assets/音效/選單音樂.mp3
  artifactKey: Guid(20f705b6195a04143944ec332c02ae49) Importer(815301076,1909f56bfc062723c751e8b465ee728b)
Start importing Assets/音效/選單音樂.mp3 using Guid(20f705b6195a04143944ec332c02ae49) Importer(815301076,1909f56bfc062723c751e8b465ee728b)  -> (artifact id: '1b92900198b63d86bf7141b2d496444c') in 0.042186 seconds 
  Import took 0.045011 seconds .

========================================================================
Received Import Request.
  Time since last request: 0.000205 seconds.
  path: Assets/音效/第二關音樂.mp3
  artifactKey: Guid(ef04c341c243c814faf0f851aa430b17) Importer(815301076,1909f56bfc062723c751e8b465ee728b)
Start importing Assets/音效/第二關音樂.mp3 using Guid(ef04c341c243c814faf0f851aa430b17) Importer(815301076,1909f56bfc062723c751e8b465ee728b)  -> (artifact id: 'ce8ce1f9f10ed385b9cb874c95304ce1') in 0.041175 seconds 
  Import took 0.043913 seconds .

========================================================================
Received Import Request.
  Time since last request: 0.000202 seconds.
  path: Assets/音效/第五關音樂.wav
  artifactKey: Guid(72f2578e5a533c74399e6b48a495caaa) Importer(815301076,1909f56bfc062723c751e8b465ee728b)
Start importing Assets/音效/第五關音樂.wav using Guid(72f2578e5a533c74399e6b48a495caaa) Importer(815301076,1909f56bfc062723c751e8b465ee728b)  -> (artifact id: 'c22e93219fc31a3daddc998c2f0b7487') in 0.040083 seconds 
  Import took 0.043340 seconds .

========================================================================
Received Import Request.
  Time since last request: 0.000253 seconds.
  path: Assets/音效/選角音樂.mp3
  artifactKey: Guid(255d000c052ba1d44bbe8e2d8acf120b) Importer(815301076,1909f56bfc062723c751e8b465ee728b)
Start importing Assets/音效/選角音樂.mp3 using Guid(255d000c052ba1d44bbe8e2d8acf120b) Importer(815301076,1909f56bfc062723c751e8b465ee728b)  -> (artifact id: 'e1a08b6d31e175cfd4cc2643fbf55cbb') in 0.022836 seconds 
  Import took 0.025985 seconds .

========================================================================
Received Import Request.
  Time since last request: 0.000208 seconds.
  path: Assets/音效/第三關音樂.mp3
  artifactKey: Guid(bec5bacdf5915914faf0f95348255693) Importer(815301076,1909f56bfc062723c751e8b465ee728b)
Start importing Assets/音效/第三關音樂.mp3 using Guid(bec5bacdf5915914faf0f95348255693) Importer(815301076,1909f56bfc062723c751e8b465ee728b)  -> (artifact id: 'a6f98544edc11e986cb5de78db4842ad') in 0.047690 seconds 
  Import took 0.050543 seconds .

========================================================================
Received Import Request.
  Time since last request: 0.000277 seconds.
  path: Assets/音效/結尾.mp3
  artifactKey: Guid(250f348c8e9753d45b074d07f32e0a17) Importer(815301076,1909f56bfc062723c751e8b465ee728b)
Start importing Assets/音效/結尾.mp3 using Guid(250f348c8e9753d45b074d07f32e0a17) Importer(815301076,1909f56bfc062723c751e8b465ee728b)  -> (artifact id: 'fc2e71cca741c4a06060531553481b6c') in 0.036500 seconds 
  Import took 0.039245 seconds .

========================================================================
Received Import Request.
  Time since last request: 0.000268 seconds.
  path: Assets/音效/爆炸2.wav
  artifactKey: Guid(cfaed8c4c0681e64eacc03a52179db74) Importer(815301076,1909f56bfc062723c751e8b465ee728b)
Start importing Assets/音效/爆炸2.wav using Guid(cfaed8c4c0681e64eacc03a52179db74) Importer(815301076,1909f56bfc062723c751e8b465ee728b)  -> (artifact id: '011f41b27339a58b1172e5ee5863977b') in 0.031067 seconds 
  Import took 0.034110 seconds .

========================================================================
Received Import Request.
  Time since last request: 0.000244 seconds.
  path: Assets/音效/第四關音樂.mp3
  artifactKey: Guid(1bb8fcb52f25c424ba01c9855de0728b) Importer(815301076,1909f56bfc062723c751e8b465ee728b)
Start importing Assets/音效/第四關音樂.mp3 using Guid(1bb8fcb52f25c424ba01c9855de0728b) Importer(815301076,1909f56bfc062723c751e8b465ee728b)  -> (artifact id: '6ad1dd82c7fab9793d4de1657de0677f') in 0.026927 seconds 
  Import took 0.030106 seconds .

========================================================================
Received Import Request.
  Time since last request: 0.000282 seconds.
  path: Assets/音效/魔王登場音樂.mp3
  artifactKey: Guid(d431de9ea8b9e8e44b811a11ac37800f) Importer(815301076,1909f56bfc062723c751e8b465ee728b)
Start importing Assets/音效/魔王登場音樂.mp3 using Guid(d431de9ea8b9e8e44b811a11ac37800f) Importer(815301076,1909f56bfc062723c751e8b465ee728b)  -> (artifact id: 'bd77de09fa6268a8feb53f6333826a4b') in 0.033730 seconds 
  Import took 0.037175 seconds .

========================================================================
Received Import Request.
  Time since last request: 0.000196 seconds.
  path: Assets/音效/魔王叫.wav
  artifactKey: Guid(72fa4e67f76123a448049ec7174ef128) Importer(815301076,1909f56bfc062723c751e8b465ee728b)
Start importing Assets/音效/魔王叫.wav using Guid(72fa4e67f76123a448049ec7174ef128) Importer(815301076,1909f56bfc062723c751e8b465ee728b)  -> (artifact id: '106ea9c854a334033b82bc0a4e350937') in 0.018049 seconds 
  Import took 0.020831 seconds .

========================================================================
Received Import Request.
  Time since last request: 43.721482 seconds.
  path: Assets/音效/ThunderWhoosh.wav
  artifactKey: Guid(cafafbcb7ac72124e92f1ce2aaa2e788) Importer(815301076,1909f56bfc062723c751e8b465ee728b)
Start importing Assets/音效/ThunderWhoosh.wav using Guid(cafafbcb7ac72124e92f1ce2aaa2e788) Importer(815301076,1909f56bfc062723c751e8b465ee728b)  -> (artifact id: '30e323db8f5baef4ef890e575638e66c') in 0.010231 seconds 
  Import took 0.013338 seconds .

========================================================================
Received Prepare
Refreshing native plugins compatible for Editor in 2.46 ms, found 3 plugins.
Preloading 0 native plugins for Editor in 0.00 ms.
Unloading 14 Unused Serialized files (Serialized files now loaded: 0)
System memory in use before: 56.3 MB.
System memory in use after: 56.4 MB.

Unloading 14 unused Assets to reduce memory usage. Loaded Objects now: 2564.
Total: 2.134100 ms (FindLiveObjects: 0.168300 ms CreateObjectMapping: 0.068300 ms MarkObjects: 1.887300 ms  DeleteObjects: 0.009500 ms)

AssetImportParameters requested are different than current active one (requested -> active):
  custom:framework-win-MediaFoundation: 216162199b28c13a410421893ffa2e32 -> 
  custom:video-decoder-ogg-theora: a1e56fd34408186e4bbccfd4996cb3dc -> 
  custom:container-muxer-webm: aa71ff27fc2769a1b78a27578f13a17b -> 
  custom:container-demuxer-webm: 4f35f7cbe854078d1ac9338744f61a02 -> 
  custom:container-demuxer-ogg: 62fdf1f143b41e24485cea50d1cbac27 -> 
  custom:video-encoder-webm-vp8: eb34c28f22e8b96e1ab97ce403110664 -> 
  custom:video-decoder-webm-vp8: 9c59270c3fd7afecdb556c50c9e8de78 -> 
  custom:audio-decoder-ogg-vorbis: bf7c407c2cedff20999df2af8eb42d56 -> 
  custom:audio-encoder-webm-vorbis: bf7c407c2cedff20999df2af8eb42d56 -> 
AssetImportWorkerClient::OnTransportError - code=2 error=End of file
